<?xml version="1.0" encoding="UTF-8"?>
<testsuite xmlns:xsi="http://www.w3.org/2001/XMLSchema-instance" xsi:noNamespaceSchemaLocation="https://maven.apache.org/surefire/maven-surefire-plugin/xsd/surefire-test-report.xsd" name="edu.ucdenver.ccp.esm.ESMTest" time="1.228" tests="5" errors="0" skipped="0" failures="0">
  <properties>
[...]
</properties>
  <testcase name="testComplexSubgraphMatching" classname="edu.ucdenver.ccp.esm.ESMTest" time="0.032"/>
  <testcase name="testSubgraphLargerThanGraph" classname="edu.ucdenver.ccp.esm.ESMTest" time="0"/>
  <testcase name="testComplexSubgraphMatchingMultipleResults" classname="edu.ucdenver.ccp.esm.ESMTest" time="0.004"/>
  <testcase name="testSubgraphNoMatch" classname="edu.ucdenver.ccp.esm.ESMTest" time="0.001"/>
  <testcase name="testSubgraphMatchingWithNeo4j" classname="edu.ucdenver.ccp.esm.ESMTest" time="1.168"/>
</testsuite>